# JRE version: Java(TM) SE Runtime Environment (8.0_11-b12) (build 1.8.0_11-b12)
# Java VM: Java HotSpot(TM) 64-Bit Server VM (25.11-b03 mixed mode bsd-amd64 compressed oops)
Heap:
 PSYoungGen      total 23552K, used 15382K [0x0000000795580000, 0x0000000797580000, 0x00000007c0000000)
  eden space 19456K, 58% used [0x0000000795580000,0x000000079608d7c0,0x0000000796880000)
  from space 4096K, 99% used [0x0000000796900000,0x0000000796cf8040,0x0000000796d00000)
  to   space 6656K, 0% used [0x0000000796f00000,0x0000000796f00000,0x0000000797580000)
 ParOldGen       total 129536K, used 29045K [0x0000000740000000, 0x0000000747e80000, 0x0000000795580000)
  object space 129536K, 22% used [0x0000000740000000,0x0000000741c5d7c8,0x0000000747e80000)
 Metaspace       used 17427K, capacity 17636K, committed 17920K, reserved 1064960K
  class space    used 2601K, capacity 2690K, committed 2816K, reserved 1048576K
GC Heap History (10 events):
Event: 1.240 GC heap before
{Heap before GC invocations=9 (full 0):
 PSYoungGen      total 9728K, used 9632K [0x0000000795580000, 0x0000000796080000, 0x00000007c0000000)
  eden space 8192K, 100% used [0x0000000795580000,0x0000000795d80000,0x0000000795d80000)
  from space 1536K, 93% used [0x0000000795f00000,0x0000000796068020,0x0000000796080000)
  to   space 1536K, 0% used [0x0000000795d80000,0x0000000795d80000,0x0000000795f00000)
 ParOldGen       total 129536K, used 8603K [0x0000000740000000, 0x0000000747e80000, 0x0000000795580000)
  object space 129536K, 6% used [0x0000000740000000,0x0000000740866fc8,0x0000000747e80000)
 Metaspace       used 11371K, capacity 11530K, committed 11776K, reserved 1058816K
  class space    used 1666K, capacity 1719K, committed 1792K, reserved 1048576K
Event: 1.244 GC heap after
Heap after GC invocations=9 (full 0):
 PSYoungGen      total 9728K, used 1536K [0x0000000795580000, 0x0000000796780000, 0x00000007c0000000)
  eden space 8192K, 0% used [0x0000000795580000,0x0000000795580000,0x0000000795d80000)
  from space 1536K, 100% used [0x0000000795d80000,0x0000000795f00000,0x0000000795f00000)
  to   space 2560K, 0% used [0x0000000796500000,0x0000000796500000,0x0000000796780000)
 ParOldGen       total 129536K, used 9944K [0x0000000740000000, 0x0000000747e80000, 0x0000000795580000)
  object space 129536K, 7% used [0x0000000740000000,0x00000007409b6320,0x0000000747e80000)
 Metaspace       used 11371K, capacity 11530K, committed 11776K, reserved 1058816K
  class space    used 1666K, capacity 1719K, committed 1792K, reserved 1048576K
}
Event: 1.630 GC heap before
{Heap before GC invocations=10 (full 0):
 PSYoungGen      total 9728K, used 9334K [0x0000000795580000, 0x0000000796780000, 0x00000007c0000000)
  eden space 8192K, 95% used [0x0000000795580000,0x0000000795d1dae8,0x0000000795d80000)
  from space 1536K, 100% used [0x0000000795d80000,0x0000000795f00000,0x0000000795f00000)
  to   space 2560K, 0% used [0x0000000796500000,0x0000000796500000,0x0000000796780000)
 ParOldGen       total 129536K, used 9944K [0x0000000740000000, 0x0000000747e80000, 0x0000000795580000)
  object space 129536K, 7% used [0x0000000740000000,0x00000007409b6320,0x0000000747e80000)
 Metaspace       used 13845K, capacity 14058K, committed 14336K, reserved 1060864K
  class space    used 2130K, capacity 2199K, committed 2304K, reserved 1048576K
Event: 1.636 GC heap after
Heap after GC invocations=10 (full 0):
 PSYoungGen      total 15872K, used 1888K [0x0000000795580000, 0x0000000796780000, 0x00000007c0000000)
  eden space 13312K, 0% used [0x0000000795580000,0x0000000795580000,0x0000000796280000)
  from space 2560K, 73% used [0x0000000796500000,0x00000007966d8000,0x0000000796780000)
  to   space 2560K, 0% used [0x0000000796280000,0x0000000796280000,0x0000000796500000)
 ParOldGen       total 129536K, used 10800K [0x0000000740000000, 0x0000000747e80000, 0x0000000795580000)
  object space 129536K, 8% used [0x0000000740000000,0x0000000740a8c320,0x0000000747e80000)
 Metaspace       used 13845K, capacity 14058K, committed 14336K, reserved 1060864K
  class space    used 2130K, capacity 2199K, committed 2304K, reserved 1048576K
}
Event: 11.858 GC heap before
{Heap before GC invocations=11 (full 0):
 PSYoungGen      total 15872K, used 15200K [0x0000000795580000, 0x0000000796780000, 0x00000007c0000000)
  eden space 13312K, 100% used [0x0000000795580000,0x0000000796280000,0x0000000796280000)
  from space 2560K, 73% used [0x0000000796500000,0x00000007966d8000,0x0000000796780000)
  to   space 2560K, 0% used [0x0000000796280000,0x0000000796280000,0x0000000796500000)
 ParOldGen       total 129536K, used 10800K [0x0000000740000000, 0x0000000747e80000, 0x0000000795580000)
  object space 129536K, 8% used [0x0000000740000000,0x0000000740a8c320,0x0000000747e80000)
 Metaspace       used 15434K, capacity 15588K, committed 15872K, reserved 1062912K
  class space    used 2366K, capacity 2434K, committed 2560K, reserved 1048576K
Event: 11.866 GC heap after
Heap after GC invocations=11 (full 0):
 PSYoungGen      total 15872K, used 1120K [0x0000000795580000, 0x0000000796f80000, 0x00000007c0000000)
  eden space 13312K, 0% used [0x0000000795580000,0x0000000795580000,0x0000000796280000)
  from space 2560K, 43% used [0x0000000796280000,0x0000000796398010,0x0000000796500000)
  to   space 2560K, 0% used [0x0000000796d00000,0x0000000796d00000,0x0000000796f80000)
 ParOldGen       total 129536K, used 21359K [0x0000000740000000, 0x0000000747e80000, 0x0000000795580000)
  object space 129536K, 16% used [0x0000000740000000,0x00000007414dbcb8,0x0000000747e80000)
 Metaspace       used 15434K, capacity 15588K, committed 15872K, reserved 1062912K
  class space    used 2366K, capacity 2434K, committed 2560K, reserved 1048576K
}
Event: 14.744 GC heap before
{Heap before GC invocations=12 (full 0):
 PSYoungGen      total 15872K, used 14432K [0x0000000795580000, 0x0000000796f80000, 0x00000007c0000000)
  eden space 13312K, 100% used [0x0000000795580000,0x0000000796280000,0x0000000796280000)
  from space 2560K, 43% used [0x0000000796280000,0x0000000796398010,0x0000000796500000)
  to   space 2560K, 0% used [0x0000000796d00000,0x0000000796d00000,0x0000000796f80000)
 ParOldGen       total 129536K, used 21359K [0x0000000740000000, 0x0000000747e80000, 0x0000000795580000)
  object space 129536K, 16% used [0x0000000740000000,0x00000007414dbcb8,0x0000000747e80000)
 Metaspace       used 16906K, capacity 17092K, committed 17280K, reserved 1064960K
  class space    used 2593K, capacity 2658K, committed 2688K, reserved 1048576K
Event: 14.751 GC heap after
Heap after GC invocations=12 (full 0):
 PSYoungGen      total 22528K, used 2528K [0x0000000795580000, 0x0000000797280000, 0x00000007c0000000)
  eden space 19968K, 0% used [0x0000000795580000,0x0000000795580000,0x0000000796900000)
  from space 2560K, 98% used [0x0000000796d00000,0x0000000796f78020,0x0000000796f80000)
  to   space 4096K, 0% used [0x0000000796900000,0x0000000796900000,0x0000000796d00000)
 ParOldGen       total 129536K, used 24013K [0x0000000740000000, 0x0000000747e80000, 0x0000000795580000)
  object space 129536K, 18% used [0x0000000740000000,0x00000007417737a8,0x0000000747e80000)
 Metaspace       used 16906K, capacity 17092K, committed 17280K, reserved 1064960K
  class space    used 2593K, capacity 2658K, committed 2688K, reserved 1048576K
}
Event: 43.412 GC heap before
{Heap before GC invocations=13 (full 0):
 PSYoungGen      total 22528K, used 22496K [0x0000000795580000, 0x0000000797280000, 0x00000007c0000000)
  eden space 19968K, 100% used [0x0000000795580000,0x0000000796900000,0x0000000796900000)
  from space 2560K, 98% used [0x0000000796d00000,0x0000000796f78020,0x0000000796f80000)
  to   space 4096K, 0% used [0x0000000796900000,0x0000000796900000,0x0000000796d00000)
 ParOldGen       total 129536K, used 24013K [0x0000000740000000, 0x0000000747e80000, 0x0000000795580000)
  object space 129536K, 18% used [0x0000000740000000,0x00000007417737a8,0x0000000747e80000)
 Metaspace       used 17330K, capacity 17508K, committed 17920K, reserved 1064960K
  class space    used 2600K, capacity 2690K, committed 2816K, reserved 1048576K
Event: 43.421 GC heap after
Heap after GC invocations=13 (full 0):
 PSYoungGen      total 23552K, used 4064K [0x0000000795580000, 0x0000000797580000, 0x00000007c0000000)
  eden space 19456K, 0% used [0x0000000795580000,0x0000000795580000,0x0000000796880000)
  from space 4096K, 99% used [0x0000000796900000,0x0000000796cf8040,0x0000000796d00000)
  to   space 6656K, 0% used [0x0000000796f00000,0x0000000796f00000,0x0000000797580000)
 ParOldGen       total 129536K, used 29045K [0x0000000740000000, 0x0000000747e80000, 0x0000000795580000)
  object space 129536K, 22% used [0x0000000740000000,0x0000000741c5d7c8,0x0000000747e80000)
 Metaspace       used 17330K, capacity 17508K, committed 17920K, reserved 1064960K
  class space    used 2600K, capacity 2690K, committed 2816K, reserved 1048576K
}

