# JRE version: Java(TM) SE Runtime Environment (8.0_11-b12) (build 1.8.0_11-b12)
# Java VM: Java HotSpot(TM) 64-Bit Server VM (25.11-b03 mixed mode bsd-amd64 compressed oops)
Heap:
 PSYoungGen      total 22528K, used 2796K [0x0000000795580000, 0x0000000797280000, 0x00000007c0000000)
  eden space 19968K, 1% used [0x0000000795580000,0x00000007955c3388,0x0000000796900000)
  from space 2560K, 98% used [0x0000000796d00000,0x0000000796f78010,0x0000000796f80000)
  to   space 4096K, 0% used [0x0000000796900000,0x0000000796900000,0x0000000796d00000)
 ParOldGen       total 129536K, used 24593K [0x0000000740000000, 0x0000000747e80000, 0x0000000795580000)
  object space 129536K, 18% used [0x0000000740000000,0x00000007418047b8,0x0000000747e80000)
 Metaspace       used 16797K, capacity 16958K, committed 17280K, reserved 1064960K
  class space    used 2592K, capacity 2655K, committed 2688K, reserved 1048576K
GC Heap History (10 events):
Event: 0.726 GC heap before
{Heap before GC invocations=8 (full 0):
 PSYoungGen      total 5632K, used 4800K [0x0000000795580000, 0x0000000796080000, 0x00000007c0000000)
  eden space 4608K, 82% used [0x0000000795580000,0x0000000795938200,0x0000000795a00000)
  from space 1024K, 96% used [0x0000000795a00000,0x0000000795af8010,0x0000000795b00000)
  to   space 1536K, 0% used [0x0000000795f00000,0x0000000795f00000,0x0000000796080000)
 ParOldGen       total 129536K, used 1344K [0x0000000740000000, 0x0000000747e80000, 0x0000000795580000)
  object space 129536K, 1% used [0x0000000740000000,0x00000007401503a8,0x0000000747e80000)
 Metaspace       used 8603K, capacity 8858K, committed 8960K, reserved 1056768K
  class space    used 1195K, capacity 1239K, committed 1280K, reserved 1048576K
Event: 0.728 GC heap after
Heap after GC invocations=8 (full 0):
 PSYoungGen      total 9728K, used 1440K [0x0000000795580000, 0x0000000796180000, 0x00000007c0000000)
  eden space 8192K, 0% used [0x0000000795580000,0x0000000795580000,0x0000000795d80000)
  from space 1536K, 93% used [0x0000000795f00000,0x0000000796068020,0x0000000796080000)
  to   space 1536K, 0% used [0x0000000795d80000,0x0000000795d80000,0x0000000795f00000)
 ParOldGen       total 129536K, used 2552K [0x0000000740000000, 0x0000000747e80000, 0x0000000795580000)
  object space 129536K, 1% used [0x0000000740000000,0x000000074027e3b8,0x0000000747e80000)
 Metaspace       used 8603K, capacity 8858K, committed 8960K, reserved 1056768K
  class space    used 1195K, capacity 1239K, committed 1280K, reserved 1048576K
}
Event: 1.295 GC heap before
{Heap before GC invocations=9 (full 0):
 PSYoungGen      total 9728K, used 9632K [0x0000000795580000, 0x0000000796180000, 0x00000007c0000000)
  eden space 8192K, 100% used [0x0000000795580000,0x0000000795d80000,0x0000000795d80000)
  from space 1536K, 93% used [0x0000000795f00000,0x0000000796068020,0x0000000796080000)
  to   space 1536K, 0% used [0x0000000795d80000,0x0000000795d80000,0x0000000795f00000)
 ParOldGen       total 129536K, used 8627K [0x0000000740000000, 0x0000000747e80000, 0x0000000795580000)
  object space 129536K, 6% used [0x0000000740000000,0x000000074086cfc8,0x0000000747e80000)
 Metaspace       used 11357K, capacity 11530K, committed 11776K, reserved 1058816K
  class space    used 1669K, capacity 1719K, committed 1792K, reserved 1048576K
Event: 1.299 GC heap after
Heap after GC invocations=9 (full 0):
 PSYoungGen      total 9728K, used 1536K [0x0000000795580000, 0x0000000796780000, 0x00000007c0000000)
  eden space 8192K, 0% used [0x0000000795580000,0x0000000795580000,0x0000000795d80000)
  from space 1536K, 100% used [0x0000000795d80000,0x0000000795f00000,0x0000000795f00000)
  to   space 2560K, 0% used [0x0000000796500000,0x0000000796500000,0x0000000796780000)
 ParOldGen       total 129536K, used 9968K [0x0000000740000000, 0x0000000747e80000, 0x0000000795580000)
  object space 129536K, 7% used [0x0000000740000000,0x00000007409bc320,0x0000000747e80000)
 Metaspace       used 11357K, capacity 11530K, committed 11776K, reserved 1058816K
  class space    used 1669K, capacity 1719K, committed 1792K, reserved 1048576K
}
Event: 1.684 GC heap before
{Heap before GC invocations=10 (full 0):
 PSYoungGen      total 9728K, used 9334K [0x0000000795580000, 0x0000000796780000, 0x00000007c0000000)
  eden space 8192K, 95% used [0x0000000795580000,0x0000000795d1daf8,0x0000000795d80000)
  from space 1536K, 100% used [0x0000000795d80000,0x0000000795f00000,0x0000000795f00000)
  to   space 2560K, 0% used [0x0000000796500000,0x0000000796500000,0x0000000796780000)
 ParOldGen       total 129536K, used 9968K [0x0000000740000000, 0x0000000747e80000, 0x0000000795580000)
  object space 129536K, 7% used [0x0000000740000000,0x00000007409bc320,0x0000000747e80000)
 Metaspace       used 13866K, capacity 14058K, committed 14336K, reserved 1060864K
  class space    used 2134K, capacity 2199K, committed 2304K, reserved 1048576K
Event: 1.690 GC heap after
Heap after GC invocations=10 (full 0):
 PSYoungGen      total 15872K, used 1872K [0x0000000795580000, 0x0000000796780000, 0x00000007c0000000)
  eden space 13312K, 0% used [0x0000000795580000,0x0000000795580000,0x0000000796280000)
  from space 2560K, 73% used [0x0000000796500000,0x00000007966d4010,0x0000000796780000)
  to   space 2560K, 0% used [0x0000000796280000,0x0000000796280000,0x0000000796500000)
 ParOldGen       total 129536K, used 10836K [0x0000000740000000, 0x0000000747e80000, 0x0000000795580000)
  object space 129536K, 8% used [0x0000000740000000,0x0000000740a95330,0x0000000747e80000)
 Metaspace       used 13866K, capacity 14058K, committed 14336K, reserved 1060864K
  class space    used 2134K, capacity 2199K, committed 2304K, reserved 1048576K
}
Event: 5.860 GC heap before
{Heap before GC invocations=11 (full 0):
 PSYoungGen      total 15872K, used 15184K [0x0000000795580000, 0x0000000796780000, 0x00000007c0000000)
  eden space 13312K, 100% used [0x0000000795580000,0x0000000796280000,0x0000000796280000)
  from space 2560K, 73% used [0x0000000796500000,0x00000007966d4010,0x0000000796780000)
  to   space 2560K, 0% used [0x0000000796280000,0x0000000796280000,0x0000000796500000)
 ParOldGen       total 129536K, used 10836K [0x0000000740000000, 0x0000000747e80000, 0x0000000795580000)
  object space 129536K, 8% used [0x0000000740000000,0x0000000740a95330,0x0000000747e80000)
 Metaspace       used 15571K, capacity 15774K, committed 16128K, reserved 1062912K
  class space    used 2404K, capacity 2495K, committed 2560K, reserved 1048576K
Event: 5.868 GC heap after
Heap after GC invocations=11 (full 0):
 PSYoungGen      total 15872K, used 1344K [0x0000000795580000, 0x0000000796f80000, 0x00000007c0000000)
  eden space 13312K, 0% used [0x0000000795580000,0x0000000795580000,0x0000000796280000)
  from space 2560K, 52% used [0x0000000796280000,0x00000007963d0010,0x0000000796500000)
  to   space 2560K, 0% used [0x0000000796d00000,0x0000000796d00000,0x0000000796f80000)
 ParOldGen       total 129536K, used 21371K [0x0000000740000000, 0x0000000747e80000, 0x0000000795580000)
  object space 129536K, 16% used [0x0000000740000000,0x00000007414decc8,0x0000000747e80000)
 Metaspace       used 15571K, capacity 15774K, committed 16128K, reserved 1062912K
  class space    used 2404K, capacity 2495K, committed 2560K, reserved 1048576K
}
Event: 7.983 GC heap before
{Heap before GC invocations=12 (full 0):
 PSYoungGen      total 15872K, used 14656K [0x0000000795580000, 0x0000000796f80000, 0x00000007c0000000)
  eden space 13312K, 100% used [0x0000000795580000,0x0000000796280000,0x0000000796280000)
  from space 2560K, 52% used [0x0000000796280000,0x00000007963d0010,0x0000000796500000)
  to   space 2560K, 0% used [0x0000000796d00000,0x0000000796d00000,0x0000000796f80000)
 ParOldGen       total 129536K, used 21371K [0x0000000740000000, 0x0000000747e80000, 0x0000000795580000)
  object space 129536K, 16% used [0x0000000740000000,0x00000007414decc8,0x0000000747e80000)
 Metaspace       used 16775K, capacity 16958K, committed 17280K, reserved 1064960K
  class space    used 2591K, capacity 2655K, committed 2688K, reserved 1048576K
Event: 7.989 GC heap after
Heap after GC invocations=12 (full 0):
 PSYoungGen      total 22528K, used 2528K [0x0000000795580000, 0x0000000797280000, 0x00000007c0000000)
  eden space 19968K, 0% used [0x0000000795580000,0x0000000795580000,0x0000000796900000)
  from space 2560K, 98% used [0x0000000796d00000,0x0000000796f78010,0x0000000796f80000)
  to   space 4096K, 0% used [0x0000000796900000,0x0000000796900000,0x0000000796d00000)
 ParOldGen       total 129536K, used 24593K [0x0000000740000000, 0x0000000747e80000, 0x0000000795580000)
  object space 129536K, 18% used [0x0000000740000000,0x00000007418047b8,0x0000000747e80000)
 Metaspace       used 16775K, capacity 16958K, committed 17280K, reserved 1064960K
  class space    used 2591K, capacity 2655K, committed 2688K, reserved 1048576K
}

