# JRE version: Java(TM) SE Runtime Environment (8.0_11-b12) (build 1.8.0_11-b12)
# Java VM: Java HotSpot(TM) 64-Bit Server VM (25.11-b03 mixed mode bsd-amd64 compressed oops)
Heap:
 PSYoungGen      total 22016K, used 6396K [0x0000000795580000, 0x0000000797000000, 0x00000007c0000000)
  eden space 18432K, 21% used [0x0000000795580000,0x000000079594f1f0,0x0000000796780000)
  from space 3584K, 69% used [0x0000000796b80000,0x0000000796df0000,0x0000000796f00000)
  to   space 4096K, 0% used [0x0000000796780000,0x0000000796780000,0x0000000796b80000)
 ParOldGen       total 129536K, used 22248K [0x0000000740000000, 0x0000000747e80000, 0x0000000795580000)
  object space 129536K, 17% used [0x0000000740000000,0x00000007415ba2d8,0x0000000747e80000)
 Metaspace       used 16835K, capacity 16990K, committed 17280K, reserved 1064960K
  class space    used 2593K, capacity 2687K, committed 2688K, reserved 1048576K
GC Heap History (10 events):
Event: 0.739 GC heap before
{Heap before GC invocations=8 (full 0):
 PSYoungGen      total 5632K, used 4816K [0x0000000795580000, 0x0000000796080000, 0x00000007c0000000)
  eden space 4608K, 82% used [0x0000000795580000,0x00000007959340b0,0x0000000795a00000)
  from space 1024K, 100% used [0x0000000795a00000,0x0000000795b00000,0x0000000795b00000)
  to   space 1536K, 0% used [0x0000000795f00000,0x0000000795f00000,0x0000000796080000)
 ParOldGen       total 129536K, used 1256K [0x0000000740000000, 0x0000000747e80000, 0x0000000795580000)
  object space 129536K, 0% used [0x0000000740000000,0x000000074013a3b8,0x0000000747e80000)
 Metaspace       used 8606K, capacity 8890K, committed 8960K, reserved 1056768K
  class space    used 1197K, capacity 1271K, committed 1280K, reserved 1048576K
Event: 0.742 GC heap after
Heap after GC invocations=8 (full 0):
 PSYoungGen      total 9216K, used 1472K [0x0000000795580000, 0x0000000796280000, 0x00000007c0000000)
  eden space 7680K, 0% used [0x0000000795580000,0x0000000795580000,0x0000000795d00000)
  from space 1536K, 95% used [0x0000000795f00000,0x0000000796070010,0x0000000796080000)
  to   space 2048K, 0% used [0x0000000795d00000,0x0000000795d00000,0x0000000795f00000)
 ParOldGen       total 129536K, used 2472K [0x0000000740000000, 0x0000000747e80000, 0x0000000795580000)
  object space 129536K, 1% used [0x0000000740000000,0x000000074026a3c8,0x0000000747e80000)
 Metaspace       used 8606K, capacity 8890K, committed 8960K, reserved 1056768K
  class space    used 1197K, capacity 1271K, committed 1280K, reserved 1048576K
}
Event: 1.068 GC heap before
{Heap before GC invocations=9 (full 0):
 PSYoungGen      total 9216K, used 9152K [0x0000000795580000, 0x0000000796280000, 0x00000007c0000000)
  eden space 7680K, 100% used [0x0000000795580000,0x0000000795d00000,0x0000000795d00000)
  from space 1536K, 95% used [0x0000000795f00000,0x0000000796070010,0x0000000796080000)
  to   space 2048K, 0% used [0x0000000795d00000,0x0000000795d00000,0x0000000795f00000)
 ParOldGen       total 129536K, used 8547K [0x0000000740000000, 0x0000000747e80000, 0x0000000795580000)
  object space 129536K, 6% used [0x0000000740000000,0x0000000740858fd8,0x0000000747e80000)
 Metaspace       used 11285K, capacity 11466K, committed 11776K, reserved 1058816K
  class space    used 1658K, capacity 1719K, committed 1792K, reserved 1048576K
Event: 1.071 GC heap after
Heap after GC invocations=9 (full 0):
 PSYoungGen      total 9728K, used 2016K [0x0000000795580000, 0x0000000796680000, 0x00000007c0000000)
  eden space 7680K, 0% used [0x0000000795580000,0x0000000795580000,0x0000000795d00000)
  from space 2048K, 98% used [0x0000000795d00000,0x0000000795ef8010,0x0000000795f00000)
  to   space 2560K, 0% used [0x0000000796400000,0x0000000796400000,0x0000000796680000)
 ParOldGen       total 129536K, used 9187K [0x0000000740000000, 0x0000000747e80000, 0x0000000795580000)
  object space 129536K, 7% used [0x0000000740000000,0x00000007408f8fe8,0x0000000747e80000)
 Metaspace       used 11285K, capacity 11466K, committed 11776K, reserved 1058816K
  class space    used 1658K, capacity 1719K, committed 1792K, reserved 1048576K
}
Event: 1.659 GC heap before
{Heap before GC invocations=10 (full 0):
 PSYoungGen      total 9728K, used 9696K [0x0000000795580000, 0x0000000796680000, 0x00000007c0000000)
  eden space 7680K, 100% used [0x0000000795580000,0x0000000795d00000,0x0000000795d00000)
  from space 2048K, 98% used [0x0000000795d00000,0x0000000795ef8010,0x0000000795f00000)
  to   space 2560K, 0% used [0x0000000796400000,0x0000000796400000,0x0000000796680000)
 ParOldGen       total 129536K, used 9187K [0x0000000740000000, 0x0000000747e80000, 0x0000000795580000)
  object space 129536K, 7% used [0x0000000740000000,0x00000007408f8fe8,0x0000000747e80000)
 Metaspace       used 13680K, capacity 13834K, committed 13952K, reserved 1060864K
  class space    used 2113K, capacity 2167K, committed 2176K, reserved 1048576K
Event: 1.668 GC heap after
Heap after GC invocations=10 (full 0):
 PSYoungGen      total 14336K, used 2546K [0x0000000795580000, 0x0000000796780000, 0x00000007c0000000)
  eden space 11776K, 0% used [0x0000000795580000,0x0000000795580000,0x0000000796100000)
  from space 2560K, 99% used [0x0000000796400000,0x000000079667ca90,0x0000000796680000)
  to   space 3072K, 0% used [0x0000000796100000,0x0000000796100000,0x0000000796400000)
 ParOldGen       total 129536K, used 10031K [0x0000000740000000, 0x0000000747e80000, 0x0000000795580000)
  object space 129536K, 7% used [0x0000000740000000,0x00000007409cbff8,0x0000000747e80000)
 Metaspace       used 13680K, capacity 13834K, committed 13952K, reserved 1060864K
  class space    used 2113K, capacity 2167K, committed 2176K, reserved 1048576K
}
Event: 6.587 GC heap before
{Heap before GC invocations=11 (full 0):
 PSYoungGen      total 14336K, used 14320K [0x0000000795580000, 0x0000000796780000, 0x00000007c0000000)
  eden space 11776K, 99% used [0x0000000795580000,0x00000007960ff590,0x0000000796100000)
  from space 2560K, 99% used [0x0000000796400000,0x000000079667ca90,0x0000000796680000)
  to   space 3072K, 0% used [0x0000000796100000,0x0000000796100000,0x0000000796400000)
 ParOldGen       total 129536K, used 10031K [0x0000000740000000, 0x0000000747e80000, 0x0000000795580000)
  object space 129536K, 7% used [0x0000000740000000,0x00000007409cbff8,0x0000000747e80000)
 Metaspace       used 14890K, capacity 15070K, committed 15360K, reserved 1062912K
  class space    used 2267K, capacity 2303K, committed 2304K, reserved 1048576K
Event: 6.593 GC heap after
Heap after GC invocations=11 (full 0):
 PSYoungGen      total 14848K, used 3008K [0x0000000795580000, 0x0000000796f00000, 0x00000007c0000000)
  eden space 11776K, 0% used [0x0000000795580000,0x0000000795580000,0x0000000796100000)
  from space 3072K, 97% used [0x0000000796100000,0x00000007963f0020,0x0000000796400000)
  to   space 3584K, 0% used [0x0000000796b80000,0x0000000796b80000,0x0000000796f00000)
 ParOldGen       total 129536K, used 19361K [0x0000000740000000, 0x0000000747e80000, 0x0000000795580000)
  object space 129536K, 14% used [0x0000000740000000,0x00000007412e87e8,0x0000000747e80000)
 Metaspace       used 14890K, capacity 15070K, committed 15360K, reserved 1062912K
  class space    used 2267K, capacity 2303K, committed 2304K, reserved 1048576K
}
Event: 8.695 GC heap before
{Heap before GC invocations=12 (full 0):
 PSYoungGen      total 14848K, used 14784K [0x0000000795580000, 0x0000000796f00000, 0x00000007c0000000)
  eden space 11776K, 100% used [0x0000000795580000,0x0000000796100000,0x0000000796100000)
  from space 3072K, 97% used [0x0000000796100000,0x00000007963f0020,0x0000000796400000)
  to   space 3584K, 0% used [0x0000000796b80000,0x0000000796b80000,0x0000000796f00000)
 ParOldGen       total 129536K, used 19361K [0x0000000740000000, 0x0000000747e80000, 0x0000000795580000)
  object space 129536K, 14% used [0x0000000740000000,0x00000007412e87e8,0x0000000747e80000)
 Metaspace       used 16801K, capacity 16958K, committed 17280K, reserved 1064960K
  class space    used 2592K, capacity 2655K, committed 2688K, reserved 1048576K
Event: 8.703 GC heap after
Heap after GC invocations=12 (full 0):
 PSYoungGen      total 22016K, used 2496K [0x0000000795580000, 0x0000000797000000, 0x00000007c0000000)
  eden space 18432K, 0% used [0x0000000795580000,0x0000000795580000,0x0000000796780000)
  from space 3584K, 69% used [0x0000000796b80000,0x0000000796df0000,0x0000000796f00000)
  to   space 4096K, 0% used [0x0000000796780000,0x0000000796780000,0x0000000796b80000)
 ParOldGen       total 129536K, used 22248K [0x0000000740000000, 0x0000000747e80000, 0x0000000795580000)
  object space 129536K, 17% used [0x0000000740000000,0x00000007415ba2d8,0x0000000747e80000)
 Metaspace       used 16801K, capacity 16958K, committed 17280K, reserved 1064960K
  class space    used 2592K, capacity 2655K, committed 2688K, reserved 1048576K
}

