# JRE version: Java(TM) SE Runtime Environment (8.0_11-b12) (build 1.8.0_11-b12)
# Java VM: Java HotSpot(TM) 64-Bit Server VM (25.11-b03 mixed mode bsd-amd64 compressed oops)
Heap:
 PSYoungGen      total 18432K, used 16140K [0x0000000795580000, 0x0000000796980000, 0x00000007c0000000)
  eden space 16384K, 91% used [0x0000000795580000,0x00000007964233a0,0x0000000796580000)
  from space 2048K, 56% used [0x0000000796780000,0x00000007968a0000,0x0000000796980000)
  to   space 2048K, 0% used [0x0000000796580000,0x0000000796580000,0x0000000796780000)
 ParOldGen       total 129536K, used 21659K [0x0000000740000000, 0x0000000747e80000, 0x0000000795580000)
  object space 129536K, 16% used [0x0000000740000000,0x0000000741526d70,0x0000000747e80000)
 Metaspace       used 17039K, capacity 17252K, committed 17664K, reserved 1064960K
  class space    used 2604K, capacity 2690K, committed 2816K, reserved 1048576K
GC Heap History (10 events):
Event: 0.720 GC heap before
{Heap before GC invocations=10 (full 0):
 PSYoungGen      total 5120K, used 4112K [0x0000000795580000, 0x0000000795f00000, 0x00000007c0000000)
  eden space 4096K, 76% used [0x0000000795580000,0x000000079588c000,0x0000000795980000)
  from space 1024K, 96% used [0x0000000795980000,0x0000000795a78030,0x0000000795a80000)
  to   space 1536K, 0% used [0x0000000795d80000,0x0000000795d80000,0x0000000795f00000)
 ParOldGen       total 129536K, used 1625K [0x0000000740000000, 0x0000000747e80000, 0x0000000795580000)
  object space 129536K, 1% used [0x0000000740000000,0x0000000740196708,0x0000000747e80000)
 Metaspace       used 8594K, capacity 8858K, committed 8960K, reserved 1056768K
  class space    used 1191K, capacity 1239K, committed 1280K, reserved 1048576K
Event: 0.722 GC heap after
Heap after GC invocations=10 (full 0):
 PSYoungGen      total 7680K, used 1504K [0x0000000795580000, 0x0000000796000000, 0x00000007c0000000)
  eden space 6144K, 0% used [0x0000000795580000,0x0000000795580000,0x0000000795b80000)
  from space 1536K, 97% used [0x0000000795d80000,0x0000000795ef8020,0x0000000795f00000)
  to   space 2048K, 0% used [0x0000000795b80000,0x0000000795b80000,0x0000000795d80000)
 ParOldGen       total 129536K, used 2409K [0x0000000740000000, 0x0000000747e80000, 0x0000000795580000)
  object space 129536K, 1% used [0x0000000740000000,0x000000074025a758,0x0000000747e80000)
 Metaspace       used 8594K, capacity 8858K, committed 8960K, reserved 1056768K
  class space    used 1191K, capacity 1239K, committed 1280K, reserved 1048576K
}
Event: 1.025 GC heap before
{Heap before GC invocations=11 (full 0):
 PSYoungGen      total 7680K, used 7648K [0x0000000795580000, 0x0000000796000000, 0x00000007c0000000)
  eden space 6144K, 100% used [0x0000000795580000,0x0000000795b80000,0x0000000795b80000)
  from space 1536K, 97% used [0x0000000795d80000,0x0000000795ef8020,0x0000000795f00000)
  to   space 2048K, 0% used [0x0000000795b80000,0x0000000795b80000,0x0000000795d80000)
 ParOldGen       total 129536K, used 8484K [0x0000000740000000, 0x0000000747e80000, 0x0000000795580000)
  object space 129536K, 6% used [0x0000000740000000,0x0000000740849368,0x0000000747e80000)
 Metaspace       used 10628K, capacity 10794K, committed 11136K, reserved 1058816K
  class space    used 1499K, capacity 1559K, committed 1664K, reserved 1048576K
Event: 1.028 GC heap after
Heap after GC invocations=11 (full 0):
 PSYoungGen      total 8192K, used 1408K [0x0000000795580000, 0x0000000796380000, 0x00000007c0000000)
  eden space 6144K, 0% used [0x0000000795580000,0x0000000795580000,0x0000000795b80000)
  from space 2048K, 68% used [0x0000000795b80000,0x0000000795ce0010,0x0000000795d80000)
  to   space 2048K, 0% used [0x0000000796180000,0x0000000796180000,0x0000000796380000)
 ParOldGen       total 129536K, used 9736K [0x0000000740000000, 0x0000000747e80000, 0x0000000795580000)
  object space 129536K, 7% used [0x0000000740000000,0x0000000740982388,0x0000000747e80000)
 Metaspace       used 10628K, capacity 10794K, committed 11136K, reserved 1058816K
  class space    used 1499K, capacity 1559K, committed 1664K, reserved 1048576K
}
Event: 1.429 GC heap before
{Heap before GC invocations=12 (full 0):
 PSYoungGen      total 8192K, used 7552K [0x0000000795580000, 0x0000000796380000, 0x00000007c0000000)
  eden space 6144K, 100% used [0x0000000795580000,0x0000000795b80000,0x0000000795b80000)
  from space 2048K, 68% used [0x0000000795b80000,0x0000000795ce0010,0x0000000795d80000)
  to   space 2048K, 0% used [0x0000000796180000,0x0000000796180000,0x0000000796380000)
 ParOldGen       total 129536K, used 9736K [0x0000000740000000, 0x0000000747e80000, 0x0000000795580000)
  object space 129536K, 7% used [0x0000000740000000,0x0000000740982388,0x0000000747e80000)
 Metaspace       used 12536K, capacity 12714K, committed 13056K, reserved 1060864K
  class space    used 1902K, capacity 1943K, committed 2048K, reserved 1048576K
Event: 1.432 GC heap after
Heap after GC invocations=12 (full 0):
 PSYoungGen      total 12288K, used 1088K [0x0000000795580000, 0x0000000796380000, 0x00000007c0000000)
  eden space 10240K, 0% used [0x0000000795580000,0x0000000795580000,0x0000000795f80000)
  from space 2048K, 53% used [0x0000000796180000,0x0000000796290000,0x0000000796380000)
  to   space 2048K, 0% used [0x0000000795f80000,0x0000000795f80000,0x0000000796180000)
 ParOldGen       total 129536K, used 11048K [0x0000000740000000, 0x0000000747e80000, 0x0000000795580000)
  object space 129536K, 8% used [0x0000000740000000,0x0000000740aca3a8,0x0000000747e80000)
 Metaspace       used 12536K, capacity 12714K, committed 13056K, reserved 1060864K
  class space    used 1902K, capacity 1943K, committed 2048K, reserved 1048576K
}
Event: 3.202 GC heap before
{Heap before GC invocations=13 (full 0):
 PSYoungGen      total 12288K, used 8201K [0x0000000795580000, 0x0000000796380000, 0x00000007c0000000)
  eden space 10240K, 69% used [0x0000000795580000,0x0000000795c72640,0x0000000795f80000)
  from space 2048K, 53% used [0x0000000796180000,0x0000000796290000,0x0000000796380000)
  to   space 2048K, 0% used [0x0000000795f80000,0x0000000795f80000,0x0000000796180000)
 ParOldGen       total 129536K, used 11048K [0x0000000740000000, 0x0000000747e80000, 0x0000000795580000)
  object space 129536K, 8% used [0x0000000740000000,0x0000000740aca3a8,0x0000000747e80000)
 Metaspace       used 14135K, capacity 14326K, committed 14592K, reserved 1060864K
  class space    used 2161K, capacity 2203K, committed 2304K, reserved 1048576K
Event: 3.207 GC heap after
Heap after GC invocations=13 (full 0):
 PSYoungGen      total 12288K, used 896K [0x0000000795580000, 0x0000000796980000, 0x00000007c0000000)
  eden space 10240K, 0% used [0x0000000795580000,0x0000000795580000,0x0000000795f80000)
  from space 2048K, 43% used [0x0000000795f80000,0x0000000796060010,0x0000000796180000)
  to   space 2048K, 0% used [0x0000000796780000,0x0000000796780000,0x0000000796980000)
 ParOldGen       total 129536K, used 16149K [0x0000000740000000, 0x0000000747e80000, 0x0000000795580000)
  object space 129536K, 12% used [0x0000000740000000,0x0000000740fc54b8,0x0000000747e80000)
 Metaspace       used 14135K, capacity 14326K, committed 14592K, reserved 1060864K
  class space    used 2161K, capacity 2203K, committed 2304K, reserved 1048576K
}
Event: 5.561 GC heap before
{Heap before GC invocations=14 (full 0):
 PSYoungGen      total 12288K, used 11136K [0x0000000795580000, 0x0000000796980000, 0x00000007c0000000)
  eden space 10240K, 100% used [0x0000000795580000,0x0000000795f80000,0x0000000795f80000)
  from space 2048K, 43% used [0x0000000795f80000,0x0000000796060010,0x0000000796180000)
  to   space 2048K, 0% used [0x0000000796780000,0x0000000796780000,0x0000000796980000)
 ParOldGen       total 129536K, used 16149K [0x0000000740000000, 0x0000000747e80000, 0x0000000795580000)
  object space 129536K, 12% used [0x0000000740000000,0x0000000740fc54b8,0x0000000747e80000)
 Metaspace       used 15653K, capacity 15876K, committed 16128K, reserved 1062912K
  class space    used 2435K, capacity 2530K, committed 2560K, reserved 1048576K
Event: 5.566 GC heap after
Heap after GC invocations=14 (full 0):
 PSYoungGen      total 18432K, used 1152K [0x0000000795580000, 0x0000000796980000, 0x00000007c0000000)
  eden space 16384K, 0% used [0x0000000795580000,0x0000000795580000,0x0000000796580000)
  from space 2048K, 56% used [0x0000000796780000,0x00000007968a0000,0x0000000796980000)
  to   space 2048K, 0% used [0x0000000796580000,0x0000000796580000,0x0000000796780000)
 ParOldGen       total 129536K, used 21659K [0x0000000740000000, 0x0000000747e80000, 0x0000000795580000)
  object space 129536K, 16% used [0x0000000740000000,0x0000000741526d70,0x0000000747e80000)
 Metaspace       used 15653K, capacity 15876K, committed 16128K, reserved 1062912K
  class space    used 2435K, capacity 2530K, committed 2560K, reserved 1048576K
}

