# JRE version: Java(TM) SE Runtime Environment (8.0_11-b12) (build 1.8.0_11-b12)
# Java VM: Java HotSpot(TM) 64-Bit Server VM (25.11-b03 mixed mode bsd-amd64 compressed oops)
Heap:
 PSYoungGen      total 15872K, used 13519K [0x0000000795580000, 0x0000000796f80000, 0x00000007c0000000)
  eden space 13312K, 91% used [0x0000000795580000,0x000000079616bc20,0x0000000796280000)
  from space 2560K, 51% used [0x0000000796280000,0x00000007963c8010,0x0000000796500000)
  to   space 2560K, 0% used [0x0000000796d00000,0x0000000796d00000,0x0000000796f80000)
 ParOldGen       total 129536K, used 19338K [0x0000000740000000, 0x0000000747e80000, 0x0000000795580000)
  object space 129536K, 14% used [0x0000000740000000,0x00000007412e2ae0,0x0000000747e80000)
 Metaspace       used 16862K, capacity 17092K, committed 17280K, reserved 1064960K
  class space    used 2593K, capacity 2658K, committed 2688K, reserved 1048576K
GC Heap History (10 events):
Event: 0.618 GC heap before
{Heap before GC invocations=7 (full 0):
 PSYoungGen      total 5120K, used 4752K [0x0000000795580000, 0x0000000795b80000, 0x00000007c0000000)
  eden space 4096K, 100% used [0x0000000795580000,0x0000000795980000,0x0000000795980000)
  from space 1024K, 64% used [0x0000000795a80000,0x0000000795b24020,0x0000000795b80000)
  to   space 1024K, 0% used [0x0000000795980000,0x0000000795980000,0x0000000795a80000)
 ParOldGen       total 129536K, used 924K [0x0000000740000000, 0x0000000747e80000, 0x0000000795580000)
  object space 129536K, 0% used [0x0000000740000000,0x00000007400e7348,0x0000000747e80000)
 Metaspace       used 7234K, capacity 8140K, committed 8192K, reserved 1056768K
  class space    used 973K, capacity 1012K, committed 1024K, reserved 1048576K
Event: 0.620 GC heap after
Heap after GC invocations=7 (full 0):
 PSYoungGen      total 5120K, used 992K [0x0000000795580000, 0x0000000796080000, 0x00000007c0000000)
  eden space 4096K, 0% used [0x0000000795580000,0x0000000795580000,0x0000000795980000)
  from space 1024K, 96% used [0x0000000795980000,0x0000000795a78010,0x0000000795a80000)
  to   space 1536K, 0% used [0x0000000795f00000,0x0000000795f00000,0x0000000796080000)
 ParOldGen       total 129536K, used 1332K [0x0000000740000000, 0x0000000747e80000, 0x0000000795580000)
  object space 129536K, 1% used [0x0000000740000000,0x000000074014d398,0x0000000747e80000)
 Metaspace       used 7234K, capacity 8140K, committed 8192K, reserved 1056768K
  class space    used 973K, capacity 1012K, committed 1024K, reserved 1048576K
}
Event: 0.739 GC heap before
{Heap before GC invocations=8 (full 0):
 PSYoungGen      total 5120K, used 4766K [0x0000000795580000, 0x0000000796080000, 0x00000007c0000000)
  eden space 4096K, 92% used [0x0000000795580000,0x000000079592f9a0,0x0000000795980000)
  from space 1024K, 96% used [0x0000000795980000,0x0000000795a78010,0x0000000795a80000)
  to   space 1536K, 0% used [0x0000000795f00000,0x0000000795f00000,0x0000000796080000)
 ParOldGen       total 129536K, used 1332K [0x0000000740000000, 0x0000000747e80000, 0x0000000795580000)
  object space 129536K, 1% used [0x0000000740000000,0x000000074014d398,0x0000000747e80000)
 Metaspace       used 8603K, capacity 8858K, committed 8960K, reserved 1056768K
  class space    used 1195K, capacity 1239K, committed 1280K, reserved 1048576K
Event: 0.742 GC heap after
Heap after GC invocations=8 (full 0):
 PSYoungGen      total 9728K, used 1440K [0x0000000795580000, 0x0000000796080000, 0x00000007c0000000)
  eden space 8192K, 0% used [0x0000000795580000,0x0000000795580000,0x0000000795d80000)
  from space 1536K, 93% used [0x0000000795f00000,0x0000000796068020,0x0000000796080000)
  to   space 1536K, 0% used [0x0000000795d80000,0x0000000795d80000,0x0000000795f00000)
 ParOldGen       total 129536K, used 2556K [0x0000000740000000, 0x0000000747e80000, 0x0000000795580000)
  object space 129536K, 1% used [0x0000000740000000,0x000000074027f3a8,0x0000000747e80000)
 Metaspace       used 8603K, capacity 8858K, committed 8960K, reserved 1056768K
  class space    used 1195K, capacity 1239K, committed 1280K, reserved 1048576K
}
Event: 1.343 GC heap before
{Heap before GC invocations=9 (full 0):
 PSYoungGen      total 9728K, used 9632K [0x0000000795580000, 0x0000000796080000, 0x00000007c0000000)
  eden space 8192K, 100% used [0x0000000795580000,0x0000000795d80000,0x0000000795d80000)
  from space 1536K, 93% used [0x0000000795f00000,0x0000000796068020,0x0000000796080000)
  to   space 1536K, 0% used [0x0000000795d80000,0x0000000795d80000,0x0000000795f00000)
 ParOldGen       total 129536K, used 8631K [0x0000000740000000, 0x0000000747e80000, 0x0000000795580000)
  object space 129536K, 6% used [0x0000000740000000,0x000000074086dfb8,0x0000000747e80000)
 Metaspace       used 11356K, capacity 11530K, committed 11776K, reserved 1058816K
  class space    used 1669K, capacity 1719K, committed 1792K, reserved 1048576K
Event: 1.347 GC heap after
Heap after GC invocations=9 (full 0):
 PSYoungGen      total 9728K, used 1536K [0x0000000795580000, 0x0000000796780000, 0x00000007c0000000)
  eden space 8192K, 0% used [0x0000000795580000,0x0000000795580000,0x0000000795d80000)
  from space 1536K, 100% used [0x0000000795d80000,0x0000000795f00000,0x0000000795f00000)
  to   space 2560K, 0% used [0x0000000796500000,0x0000000796500000,0x0000000796780000)
 ParOldGen       total 129536K, used 9956K [0x0000000740000000, 0x0000000747e80000, 0x0000000795580000)
  object space 129536K, 7% used [0x0000000740000000,0x00000007409b9310,0x0000000747e80000)
 Metaspace       used 11356K, capacity 11530K, committed 11776K, reserved 1058816K
  class space    used 1669K, capacity 1719K, committed 1792K, reserved 1048576K
}
Event: 1.728 GC heap before
{Heap before GC invocations=10 (full 0):
 PSYoungGen      total 9728K, used 9379K [0x0000000795580000, 0x0000000796780000, 0x00000007c0000000)
  eden space 8192K, 95% used [0x0000000795580000,0x0000000795d28c20,0x0000000795d80000)
  from space 1536K, 100% used [0x0000000795d80000,0x0000000795f00000,0x0000000795f00000)
  to   space 2560K, 0% used [0x0000000796500000,0x0000000796500000,0x0000000796780000)
 ParOldGen       total 129536K, used 9956K [0x0000000740000000, 0x0000000747e80000, 0x0000000795580000)
  object space 129536K, 7% used [0x0000000740000000,0x00000007409b9310,0x0000000747e80000)
 Metaspace       used 13869K, capacity 14058K, committed 14336K, reserved 1060864K
  class space    used 2134K, capacity 2199K, committed 2304K, reserved 1048576K
Event: 1.732 GC heap after
Heap after GC invocations=10 (full 0):
 PSYoungGen      total 15872K, used 1904K [0x0000000795580000, 0x0000000796780000, 0x00000007c0000000)
  eden space 13312K, 0% used [0x0000000795580000,0x0000000795580000,0x0000000796280000)
  from space 2560K, 74% used [0x0000000796500000,0x00000007966dc010,0x0000000796780000)
  to   space 2560K, 0% used [0x0000000796280000,0x0000000796280000,0x0000000796500000)
 ParOldGen       total 129536K, used 10812K [0x0000000740000000, 0x0000000747e80000, 0x0000000795580000)
  object space 129536K, 8% used [0x0000000740000000,0x0000000740a8f310,0x0000000747e80000)
 Metaspace       used 13869K, capacity 14058K, committed 14336K, reserved 1060864K
  class space    used 2134K, capacity 2199K, committed 2304K, reserved 1048576K
}
Event: 5.307 GC heap before
{Heap before GC invocations=11 (full 0):
 PSYoungGen      total 15872K, used 15216K [0x0000000795580000, 0x0000000796780000, 0x00000007c0000000)
  eden space 13312K, 100% used [0x0000000795580000,0x0000000796280000,0x0000000796280000)
  from space 2560K, 74% used [0x0000000796500000,0x00000007966dc010,0x0000000796780000)
  to   space 2560K, 0% used [0x0000000796280000,0x0000000796280000,0x0000000796500000)
 ParOldGen       total 129536K, used 10812K [0x0000000740000000, 0x0000000747e80000, 0x0000000795580000)
  object space 129536K, 8% used [0x0000000740000000,0x0000000740a8f310,0x0000000747e80000)
 Metaspace       used 15518K, capacity 15684K, committed 16128K, reserved 1062912K
  class space    used 2398K, capacity 2466K, committed 2560K, reserved 1048576K
Event: 5.314 GC heap after
Heap after GC invocations=11 (full 0):
 PSYoungGen      total 15872K, used 1312K [0x0000000795580000, 0x0000000796f80000, 0x00000007c0000000)
  eden space 13312K, 0% used [0x0000000795580000,0x0000000795580000,0x0000000796280000)
  from space 2560K, 51% used [0x0000000796280000,0x00000007963c8010,0x0000000796500000)
  to   space 2560K, 0% used [0x0000000796d00000,0x0000000796d00000,0x0000000796f80000)
 ParOldGen       total 129536K, used 19338K [0x0000000740000000, 0x0000000747e80000, 0x0000000795580000)
  object space 129536K, 14% used [0x0000000740000000,0x00000007412e2ae0,0x0000000747e80000)
 Metaspace       used 15518K, capacity 15684K, committed 16128K, reserved 1062912K
  class space    used 2398K, capacity 2466K, committed 2560K, reserved 1048576K
}

