# JRE version: Java(TM) SE Runtime Environment (8.0_11-b12) (build 1.8.0_11-b12)
# Java VM: Java HotSpot(TM) 64-Bit Server VM (25.11-b03 mixed mode bsd-amd64 compressed oops)
Heap:
 PSYoungGen      total 23552K, used 6529K [0x0000000795580000, 0x0000000797080000, 0x00000007c0000000)
  eden space 20992K, 20% used [0x0000000795580000,0x00000007959c0590,0x0000000796a00000)
  from space 2560K, 85% used [0x0000000796d00000,0x0000000796f20000,0x0000000796f80000)
  to   space 3072K, 0% used [0x0000000796a00000,0x0000000796a00000,0x0000000796d00000)
 ParOldGen       total 129536K, used 22517K [0x0000000740000000, 0x0000000747e80000, 0x0000000795580000)
  object space 129536K, 17% used [0x0000000740000000,0x00000007415fd7c8,0x0000000747e80000)
 Metaspace       used 17196K, capacity 17444K, committed 17920K, reserved 1064960K
  class space    used 2605K, capacity 2690K, committed 2816K, reserved 1048576K
GC Heap History (10 events):
Event: 0.611 GC heap before
{Heap before GC invocations=8 (full 0):
 PSYoungGen      total 5120K, used 4783K [0x0000000795580000, 0x0000000796080000, 0x00000007c0000000)
  eden space 4096K, 92% used [0x0000000795580000,0x0000000795933f60,0x0000000795980000)
  from space 1024K, 96% used [0x0000000795980000,0x0000000795a78010,0x0000000795a80000)
  to   space 1536K, 0% used [0x0000000795f00000,0x0000000795f00000,0x0000000796080000)
 ParOldGen       total 129536K, used 1328K [0x0000000740000000, 0x0000000747e80000, 0x0000000795580000)
  object space 129536K, 1% used [0x0000000740000000,0x000000074014c3a8,0x0000000747e80000)
 Metaspace       used 8608K, capacity 8890K, committed 8960K, reserved 1056768K
  class space    used 1197K, capacity 1271K, committed 1280K, reserved 1048576K
Event: 0.614 GC heap after
Heap after GC invocations=8 (full 0):
 PSYoungGen      total 9728K, used 1408K [0x0000000795580000, 0x0000000796080000, 0x00000007c0000000)
  eden space 8192K, 0% used [0x0000000795580000,0x0000000795580000,0x0000000795d80000)
  from space 1536K, 91% used [0x0000000795f00000,0x0000000796060020,0x0000000796080000)
  to   space 1536K, 0% used [0x0000000795d80000,0x0000000795d80000,0x0000000795f00000)
 ParOldGen       total 129536K, used 2528K [0x0000000740000000, 0x0000000747e80000, 0x0000000795580000)
  object space 129536K, 1% used [0x0000000740000000,0x00000007402783b8,0x0000000747e80000)
 Metaspace       used 8608K, capacity 8890K, committed 8960K, reserved 1056768K
  class space    used 1197K, capacity 1271K, committed 1280K, reserved 1048576K
}
Event: 1.248 GC heap before
{Heap before GC invocations=9 (full 0):
 PSYoungGen      total 9728K, used 9600K [0x0000000795580000, 0x0000000796080000, 0x00000007c0000000)
  eden space 8192K, 100% used [0x0000000795580000,0x0000000795d80000,0x0000000795d80000)
  from space 1536K, 91% used [0x0000000795f00000,0x0000000796060020,0x0000000796080000)
  to   space 1536K, 0% used [0x0000000795d80000,0x0000000795d80000,0x0000000795f00000)
 ParOldGen       total 129536K, used 8603K [0x0000000740000000, 0x0000000747e80000, 0x0000000795580000)
  object space 129536K, 6% used [0x0000000740000000,0x0000000740866fc8,0x0000000747e80000)
 Metaspace       used 11369K, capacity 11530K, committed 11776K, reserved 1058816K
  class space    used 1676K, capacity 1719K, committed 1792K, reserved 1048576K
Event: 1.251 GC heap after
Heap after GC invocations=9 (full 0):
 PSYoungGen      total 9728K, used 1536K [0x0000000795580000, 0x0000000796780000, 0x00000007c0000000)
  eden space 8192K, 0% used [0x0000000795580000,0x0000000795580000,0x0000000795d80000)
  from space 1536K, 100% used [0x0000000795d80000,0x0000000795f00000,0x0000000795f00000)
  to   space 2560K, 0% used [0x0000000796500000,0x0000000796500000,0x0000000796780000)
 ParOldGen       total 129536K, used 9920K [0x0000000740000000, 0x0000000747e80000, 0x0000000795580000)
  object space 129536K, 7% used [0x0000000740000000,0x00000007409b0330,0x0000000747e80000)
 Metaspace       used 11369K, capacity 11530K, committed 11776K, reserved 1058816K
  class space    used 1676K, capacity 1719K, committed 1792K, reserved 1048576K
}
Event: 1.751 GC heap before
{Heap before GC invocations=10 (full 0):
 PSYoungGen      total 9728K, used 9291K [0x0000000795580000, 0x0000000796780000, 0x00000007c0000000)
  eden space 8192K, 94% used [0x0000000795580000,0x0000000795d12ef0,0x0000000795d80000)
  from space 1536K, 100% used [0x0000000795d80000,0x0000000795f00000,0x0000000795f00000)
  to   space 2560K, 0% used [0x0000000796500000,0x0000000796500000,0x0000000796780000)
 ParOldGen       total 129536K, used 9920K [0x0000000740000000, 0x0000000747e80000, 0x0000000795580000)
  object space 129536K, 7% used [0x0000000740000000,0x00000007409b0330,0x0000000747e80000)
 Metaspace       used 13872K, capacity 14058K, committed 14336K, reserved 1060864K
  class space    used 2139K, capacity 2199K, committed 2304K, reserved 1048576K
Event: 1.757 GC heap after
Heap after GC invocations=10 (full 0):
 PSYoungGen      total 15872K, used 1888K [0x0000000795580000, 0x0000000796780000, 0x00000007c0000000)
  eden space 13312K, 0% used [0x0000000795580000,0x0000000795580000,0x0000000796280000)
  from space 2560K, 73% used [0x0000000796500000,0x00000007966d8000,0x0000000796780000)
  to   space 2560K, 0% used [0x0000000796280000,0x0000000796280000,0x0000000796500000)
 ParOldGen       total 129536K, used 10764K [0x0000000740000000, 0x0000000747e80000, 0x0000000795580000)
  object space 129536K, 8% used [0x0000000740000000,0x0000000740a83340,0x0000000747e80000)
 Metaspace       used 13872K, capacity 14058K, committed 14336K, reserved 1060864K
  class space    used 2139K, capacity 2199K, committed 2304K, reserved 1048576K
}
Event: 5.851 GC heap before
{Heap before GC invocations=11 (full 0):
 PSYoungGen      total 15872K, used 15200K [0x0000000795580000, 0x0000000796780000, 0x00000007c0000000)
  eden space 13312K, 100% used [0x0000000795580000,0x0000000796280000,0x0000000796280000)
  from space 2560K, 73% used [0x0000000796500000,0x00000007966d8000,0x0000000796780000)
  to   space 2560K, 0% used [0x0000000796280000,0x0000000796280000,0x0000000796500000)
 ParOldGen       total 129536K, used 10764K [0x0000000740000000, 0x0000000747e80000, 0x0000000795580000)
  object space 129536K, 8% used [0x0000000740000000,0x0000000740a83340,0x0000000747e80000)
 Metaspace       used 15508K, capacity 15684K, committed 16128K, reserved 1062912K
  class space    used 2398K, capacity 2466K, committed 2560K, reserved 1048576K
Event: 5.859 GC heap after
Heap after GC invocations=11 (full 0):
 PSYoungGen      total 15872K, used 1312K [0x0000000795580000, 0x0000000796f80000, 0x00000007c0000000)
  eden space 13312K, 0% used [0x0000000795580000,0x0000000795580000,0x0000000796280000)
  from space 2560K, 51% used [0x0000000796280000,0x00000007963c8010,0x0000000796500000)
  to   space 2560K, 0% used [0x0000000796d00000,0x0000000796d00000,0x0000000796f80000)
 ParOldGen       total 129536K, used 21367K [0x0000000740000000, 0x0000000747e80000, 0x0000000795580000)
  object space 129536K, 16% used [0x0000000740000000,0x00000007414ddce8,0x0000000747e80000)
 Metaspace       used 15508K, capacity 15684K, committed 16128K, reserved 1062912K
  class space    used 2398K, capacity 2466K, committed 2560K, reserved 1048576K
}
Event: 20.461 GC heap before
{Heap before GC invocations=12 (full 0):
 PSYoungGen      total 15872K, used 14624K [0x0000000795580000, 0x0000000796f80000, 0x00000007c0000000)
  eden space 13312K, 100% used [0x0000000795580000,0x0000000796280000,0x0000000796280000)
  from space 2560K, 51% used [0x0000000796280000,0x00000007963c8010,0x0000000796500000)
  to   space 2560K, 0% used [0x0000000796d00000,0x0000000796d00000,0x0000000796f80000)
 ParOldGen       total 129536K, used 21367K [0x0000000740000000, 0x0000000747e80000, 0x0000000795580000)
  object space 129536K, 16% used [0x0000000740000000,0x00000007414ddce8,0x0000000747e80000)
 Metaspace       used 17170K, capacity 17380K, committed 17664K, reserved 1064960K
  class space    used 2604K, capacity 2690K, committed 2816K, reserved 1048576K
Event: 20.467 GC heap after
Heap after GC invocations=12 (full 0):
 PSYoungGen      total 23552K, used 2176K [0x0000000795580000, 0x0000000797080000, 0x00000007c0000000)
  eden space 20992K, 0% used [0x0000000795580000,0x0000000795580000,0x0000000796a00000)
  from space 2560K, 85% used [0x0000000796d00000,0x0000000796f20000,0x0000000796f80000)
  to   space 3072K, 0% used [0x0000000796a00000,0x0000000796a00000,0x0000000796d00000)
 ParOldGen       total 129536K, used 22517K [0x0000000740000000, 0x0000000747e80000, 0x0000000795580000)
  object space 129536K, 17% used [0x0000000740000000,0x00000007415fd7c8,0x0000000747e80000)
 Metaspace       used 17170K, capacity 17380K, committed 17664K, reserved 1064960K
  class space    used 2604K, capacity 2690K, committed 2816K, reserved 1048576K
}

